22.03.2024 00:50:10  Файл локальной конфигурации: C:\Registration_jurnal_alert_local2\conf.cfg.
22.03.2024 00:50:10  [(0,)]
22.03.2024 00:50:10  []
22.03.2024 00:50:10  Время выполнения программы: 0.071790799999917
22.03.2024 00:50:10  --- Конец работы.
22.03.2024 00:51:26  Файл локальной конфигурации: C:\Registration_jurnal_alert_local2\conf.cfg.
22.03.2024 00:51:26  Всего строк: (0,)
22.03.2024 00:51:26  []
22.03.2024 00:51:26  Время выполнения программы: 0.10470559999998841
22.03.2024 00:51:26  --- Конец работы.
22.03.2024 00:51:41  Файл локальной конфигурации: C:\Registration_jurnal_alert_local2\conf.cfg.
22.03.2024 00:51:41  Всего строк: 0
22.03.2024 00:51:41  []
22.03.2024 00:51:41  Время выполнения программы: 0.10578820000000633
22.03.2024 00:51:41  --- Конец работы.
22.03.2024 00:54:50  Файл локальной конфигурации: C:\Registration_jurnal_alert_local2\conf.cfg.
22.03.2024 00:54:50  Всего строк: 0
22.03.2024 00:54:50  Результат: [] - Успешно
22.03.2024 00:54:50  Время выполнения программы: 0.02998690000000001
22.03.2024 00:54:50  --- Конец работы.
22.03.2024 00:56:53  Файл локальной конфигурации: C:\Registration_jurnal_alert_local2\conf.cfg.
22.03.2024 00:56:53  Всего строк: 4
22.03.2024 00:56:53  Результат: [] - Успешно
22.03.2024 00:56:53  Время выполнения программы: 0.02486730000000001
22.03.2024 00:56:53  --- Конец работы.
22.03.2024 01:01:56  Файл локальной конфигурации: C:\Registration_jurnal_alert_local\conf.cfg.
22.03.2024 01:01:56  Всего строк: 4
22.03.2024 01:01:56  Результат: [] - Успешно
22.03.2024 01:01:56  Время выполнения программы: 0.025931700000000002
22.03.2024 01:01:56  --- Конец работы.
22.03.2024 01:06:12  Файл локальной конфигурации: C:\Registration_jurnal_alert_local\conf.cfg.
22.03.2024 01:06:12  Всего строк: 4
22.03.2024 01:06:12  Результат: [] - Успешно
22.03.2024 01:06:12  Время выполнения программы: 0.0314528
22.03.2024 01:06:12  --- Конец работы.
